2017-05-20 14:35:57 [192.168.43.79][-][-][error][yii\base\ErrorException:256] yii\base\ErrorException: Exception (Invalid Configuration) 'yii\base\InvalidConfigException' with message 'The directory is not writable by the Web process: /mnt/advanced/backend/web/assets' 

in /mnt/advanced/vendor/yiisoft/yii2/web/AssetManager.php:215

Stack trace:
#0 /mnt/advanced/vendor/yiisoft/yii2/base/Object.php(107): yii\web\AssetManager->init()
#1 [internal function]: yii\base\Object->__construct(Array)
#2 /mnt/advanced/vendor/yiisoft/yii2/di/Container.php(375): ReflectionClass->newInstanceArgs(Array)
#3 /mnt/advanced/vendor/yiisoft/yii2/di/Container.php(156): yii\di\Container->build('yii\\web\\AssetMa...', Array, Array)
#4 /mnt/advanced/vendor/yiisoft/yii2/BaseYii.php(344): yii\di\Container->get('yii\\web\\AssetMa...', Array, Array)
#5 /mnt/advanced/vendor/yiisoft/yii2/di/ServiceLocator.php(135): yii\BaseYii::createObject(Array)
#6 /mnt/advanced/vendor/yiisoft/yii2/base/Application.php(605): yii\di\ServiceLocator->get('assetManager')
#7 /mnt/advanced/vendor/yiisoft/yii2/web/View.php(225): yii\base\Application->getAssetManager()
#8 /mnt/advanced/vendor/yiisoft/yii2/web/View.php(285): yii\web\View->getAssetManager()
#9 /mnt/advanced/vendor/yiisoft/yii2/web/AssetBundle.php(125): yii\web\View->registerAssetBundle('yii\\validators\\...')
#10 /mnt/advanced/vendor/yiisoft/yii2/validators/RequiredValidator.php(91): yii\web\AssetBundle::register(Object(yii\web\View))
#11 /mnt/advanced/vendor/yiisoft/yii2/widgets/ActiveField.php(763): yii\validators\RequiredValidator->clientValidateAttribute(Object(common\models\LoginForm), 'username', Object(yii\web\View))
#12 /mnt/advanced/vendor/yiisoft/yii2/widgets/ActiveField.php(230): yii\widgets\ActiveField->getClientOptions()
#13 /mnt/advanced/vendor/yiisoft/yii2/widgets/ActiveField.php(220): yii\widgets\ActiveField->begin()
#14 /mnt/advanced/vendor/yiisoft/yii2-bootstrap/ActiveField.php(187): yii\widgets\ActiveField->render('<label class="c...')
#15 /mnt/advanced/vendor/yiisoft/yii2/widgets/ActiveField.php(176): yii\bootstrap\ActiveField->render()
#16 /mnt/advanced/backend/views/site/login.php(22): yii\widgets\ActiveField->__toString()
#17 /mnt/advanced/vendor/yiisoft/yii2/base/View.php(328): require('/mnt/advanced/b...')
#18 /mnt/advanced/vendor/yiisoft/yii2/base/View.php(250): yii\base\View->renderPhpFile('/mnt/advanced/b...', Array)
#19 /mnt/advanced/vendor/yiisoft/yii2/base/View.php(152): yii\base\View->renderFile('/mnt/advanced/b...', Array, Object(backend\controllers\SiteController))
#20 /mnt/advanced/vendor/yiisoft/yii2/base/Controller.php(381): yii\base\View->render('login', Array, Object(backend\controllers\SiteController))
#21 /mnt/advanced/backend/controllers/SiteController.php(82): yii\base\Controller->render('login', Array)
#22 [internal function]: backend\controllers\SiteController->actionLogin()
#23 /mnt/advanced/vendor/yiisoft/yii2/base/InlineAction.php(57): call_user_func_array(Array, Array)
#24 /mnt/advanced/vendor/yiisoft/yii2/base/Controller.php(156): yii\base\InlineAction->runWithParams(Array)
#25 /mnt/advanced/vendor/yiisoft/yii2/base/Module.php(523): yii\base\Controller->runAction('login', Array)
#26 /mnt/advanced/vendor/yiisoft/yii2/web/Application.php(102): yii\base\Module->runAction('site/login', Array)
#27 /mnt/advanced/vendor/yiisoft/yii2/base/Application.php(380): yii\web\Application->handleRequest(Object(yii\web\Request))
#28 /mnt/advanced/backend/web/index.php(17): yii\base\Application->run()
#29 {main} in /mnt/advanced/vendor/yiisoft/yii2/base/ErrorHandler.php:314
Stack trace:
#0 /mnt/advanced/vendor/yiisoft/yii2/widgets/ActiveField.php(178): yii\base\ErrorHandler::convertExceptionToError()
#1 /mnt/advanced/backend/views/site/login.php(22): yii\widgets\ActiveField->__toString()
#2 /mnt/advanced/vendor/yiisoft/yii2/base/View.php(328): yii\base\View->unknown()
#3 /mnt/advanced/vendor/yiisoft/yii2/base/View.php(250): yii\base\View->renderPhpFile()
#4 /mnt/advanced/vendor/yiisoft/yii2/base/View.php(152): yii\base\View->renderFile()
#5 /mnt/advanced/vendor/yiisoft/yii2/base/Controller.php(381): yii\base\View->render()
#6 /mnt/advanced/backend/controllers/SiteController.php(82): yii\base\Controller->render()
#7 /mnt/advanced/vendor/yiisoft/yii2/base/InlineAction.php(57): backend\controllers\SiteController->actionLogin()
#8 /mnt/advanced/vendor/yiisoft/yii2/base/InlineAction.php(57): ::call_user_func_array:{/mnt/advanced/vendor/yiisoft/yii2/base/InlineAction.php:57}()
#9 /mnt/advanced/vendor/yiisoft/yii2/base/Controller.php(156): yii\base\InlineAction->runWithParams()
#10 /mnt/advanced/vendor/yiisoft/yii2/base/Module.php(523): yii\base\Controller->runAction()
#11 /mnt/advanced/vendor/yiisoft/yii2/web/Application.php(102): yii\base\Module->runAction()
#12 /mnt/advanced/vendor/yiisoft/yii2/base/Application.php(380): yii\web\Application->handleRequest()
#13 /mnt/advanced/backend/web/index.php(17): yii\base\Application->run()
#14 {main}
    in /mnt/advanced/backend/views/site/login.php:22
    in /mnt/advanced/backend/controllers/SiteController.php:82
2017-05-20 14:35:57 [192.168.43.79][-][-][info][application] $_GET = [
    'r' => 'site/login'
]

$_COOKIE = [
    'advanced-frontend' => 'dikt07ti2cb3ci1j8g5aj73161'
    '_csrf-frontend' => '3f096d80fecacb4c662f5dc5d46614418bb3ad18c5c10587850ea96b1b344e1da:2:{i:0;s:14:\"_csrf-frontend\";i:1;s:32:\"jtz6APmwrhyJXQIAmgq_l7RH-w70w-1I\";}'
]

$_SERVER = [
    'USER' => 'apache'
    'HOME' => '/usr/share/httpd'
    'HTTP_COOKIE' => 'advanced-frontend=dikt07ti2cb3ci1j8g5aj73161; _csrf-frontend=3f096d80fecacb4c662f5dc5d46614418bb3ad18c5c10587850ea96b1b344e1da%3A2%3A%7Bi%3A0%3Bs%3A14%3A%22_csrf-frontend%22%3Bi%3A1%3Bs%3A32%3A%22jtz6APmwrhyJXQIAmgq_l7RH-w70w-1I%22%3B%7D'
    'HTTP_ACCEPT_LANGUAGE' => 'zh-CN,zh;q=0.8'
    'HTTP_ACCEPT_ENCODING' => 'gzip, deflate, sdch'
    'HTTP_ACCEPT' => 'text/html,application/xhtml+xml,application/xml;q=0.9,image/webp,*/*;q=0.8'
    'HTTP_USER_AGENT' => 'Mozilla/5.0 (Windows NT 10.0; Win64; x64) AppleWebKit/537.36 (KHTML, like Gecko) Chrome/57.0.2987.133 Safari/537.36'
    'HTTP_UPGRADE_INSECURE_REQUESTS' => '1'
    'HTTP_CACHE_CONTROL' => 'max-age=0'
    'HTTP_CONNECTION' => 'keep-alive'
    'HTTP_HOST' => '192.168.43.82:7902'
    'PATH_INFO' => ''
    'REDIRECT_STATUS' => '200'
    'SERVER_NAME' => 'localhost'
    'SERVER_PORT' => '7902'
    'SERVER_ADDR' => '192.168.43.82'
    'REMOTE_PORT' => '55015'
    'REMOTE_ADDR' => '192.168.43.79'
    'SERVER_SOFTWARE' => 'nginx/1.12.0'
    'GATEWAY_INTERFACE' => 'CGI/1.1'
    'REQUEST_SCHEME' => 'http'
    'SERVER_PROTOCOL' => 'HTTP/1.1'
    'DOCUMENT_ROOT' => '/mnt/advanced/backend/web'
    'DOCUMENT_URI' => '/index.php'
    'REQUEST_URI' => '/index.php?r=site%2Flogin'
    'SCRIPT_NAME' => '/index.php'
    'CONTENT_LENGTH' => ''
    'CONTENT_TYPE' => ''
    'REQUEST_METHOD' => 'GET'
    'QUERY_STRING' => 'r=site%2Flogin'
    'SCRIPT_FILENAME' => '/mnt/advanced/backend/web/index.php'
    'FCGI_ROLE' => 'RESPONDER'
    'PHP_SELF' => '/index.php'
    'REQUEST_TIME_FLOAT' => 1495290957.6335
    'REQUEST_TIME' => 1495290957
]
2017-05-20 14:35:57 [192.168.43.79][-][-][warning][yii\log\Dispatcher::dispatch] Unable to send log via yii\debug\LogTarget: Exception (Invalid Configuration) 'yii\base\InvalidConfigException' with message 'The directory is not writable by the Web process: /mnt/advanced/backend/web/assets' 

in /mnt/advanced/vendor/yiisoft/yii2/web/AssetManager.php:215

Stack trace:
#0 /mnt/advanced/vendor/yiisoft/yii2/base/Object.php(107): yii\web\AssetManager->init()
#1 [internal function]: yii\base\Object->__construct(Array)
#2 /mnt/advanced/vendor/yiisoft/yii2/di/Container.php(375): ReflectionClass->newInstanceArgs(Array)
#3 /mnt/advanced/vendor/yiisoft/yii2/di/Container.php(156): yii\di\Container->build('yii\\web\\AssetMa...', Array, Array)
#4 /mnt/advanced/vendor/yiisoft/yii2/BaseYii.php(344): yii\di\Container->get('yii\\web\\AssetMa...', Array, Array)
#5 /mnt/advanced/vendor/yiisoft/yii2/di/ServiceLocator.php(135): yii\BaseYii::createObject(Array)
#6 /mnt/advanced/vendor/yiisoft/yii2/base/Application.php(605): yii\di\ServiceLocator->get('assetManager')
#7 /mnt/advanced/vendor/yiisoft/yii2/web/View.php(225): yii\base\Application->getAssetManager()
#8 /mnt/advanced/vendor/yiisoft/yii2/base/Component.php(132): yii\web\View->getAssetManager()
#9 /mnt/advanced/vendor/yiisoft/yii2-debug/panels/AssetPanel.php(53): yii\base\Component->__get('assetManager')
#10 /mnt/advanced/vendor/yiisoft/yii2-debug/LogTarget.php(54): yii\debug\panels\AssetPanel->save()
#11 /mnt/advanced/vendor/yiisoft/yii2-debug/LogTarget.php(118): yii\debug\LogTarget->export()
#12 /mnt/advanced/vendor/yiisoft/yii2/log/Dispatcher.php(188): yii\debug\LogTarget->collect(Array, true)
#13 /mnt/advanced/vendor/yiisoft/yii2/log/Logger.php(177): yii\log\Dispatcher->dispatch(Array, true)
#14 [internal function]: yii\log\Logger->flush(true)
#15 {main}
2017-05-20 14:35:57 [192.168.43.79][-][-][info][application] $_GET = [
    'r' => 'site/login'
]

$_COOKIE = [
    'advanced-frontend' => 'dikt07ti2cb3ci1j8g5aj73161'
    '_csrf-frontend' => '3f096d80fecacb4c662f5dc5d46614418bb3ad18c5c10587850ea96b1b344e1da:2:{i:0;s:14:\"_csrf-frontend\";i:1;s:32:\"jtz6APmwrhyJXQIAmgq_l7RH-w70w-1I\";}'
]

$_SERVER = [
    'USER' => 'apache'
    'HOME' => '/usr/share/httpd'
    'HTTP_COOKIE' => 'advanced-frontend=dikt07ti2cb3ci1j8g5aj73161; _csrf-frontend=3f096d80fecacb4c662f5dc5d46614418bb3ad18c5c10587850ea96b1b344e1da%3A2%3A%7Bi%3A0%3Bs%3A14%3A%22_csrf-frontend%22%3Bi%3A1%3Bs%3A32%3A%22jtz6APmwrhyJXQIAmgq_l7RH-w70w-1I%22%3B%7D'
    'HTTP_ACCEPT_LANGUAGE' => 'zh-CN,zh;q=0.8'
    'HTTP_ACCEPT_ENCODING' => 'gzip, deflate, sdch'
    'HTTP_ACCEPT' => 'text/html,application/xhtml+xml,application/xml;q=0.9,image/webp,*/*;q=0.8'
    'HTTP_USER_AGENT' => 'Mozilla/5.0 (Windows NT 10.0; Win64; x64) AppleWebKit/537.36 (KHTML, like Gecko) Chrome/57.0.2987.133 Safari/537.36'
    'HTTP_UPGRADE_INSECURE_REQUESTS' => '1'
    'HTTP_CACHE_CONTROL' => 'max-age=0'
    'HTTP_CONNECTION' => 'keep-alive'
    'HTTP_HOST' => '192.168.43.82:7902'
    'PATH_INFO' => ''
    'REDIRECT_STATUS' => '200'
    'SERVER_NAME' => 'localhost'
    'SERVER_PORT' => '7902'
    'SERVER_ADDR' => '192.168.43.82'
    'REMOTE_PORT' => '55015'
    'REMOTE_ADDR' => '192.168.43.79'
    'SERVER_SOFTWARE' => 'nginx/1.12.0'
    'GATEWAY_INTERFACE' => 'CGI/1.1'
    'REQUEST_SCHEME' => 'http'
    'SERVER_PROTOCOL' => 'HTTP/1.1'
    'DOCUMENT_ROOT' => '/mnt/advanced/backend/web'
    'DOCUMENT_URI' => '/index.php'
    'REQUEST_URI' => '/index.php?r=site%2Flogin'
    'SCRIPT_NAME' => '/index.php'
    'CONTENT_LENGTH' => ''
    'CONTENT_TYPE' => ''
    'REQUEST_METHOD' => 'GET'
    'QUERY_STRING' => 'r=site%2Flogin'
    'SCRIPT_FILENAME' => '/mnt/advanced/backend/web/index.php'
    'FCGI_ROLE' => 'RESPONDER'
    'PHP_SELF' => '/index.php'
    'REQUEST_TIME_FLOAT' => 1495290957.6335
    'REQUEST_TIME' => 1495290957
]
2017-05-20 14:36:06 [192.168.43.79][-][-][warning][yii\debug\Module::checkAccess] Access to debugger is denied due to IP address restriction. The requesting IP address is 192.168.43.79
2017-05-20 14:36:06 [192.168.43.79][-][-][info][application] $_COOKIE = [
    'advanced-frontend' => 'dikt07ti2cb3ci1j8g5aj73161'
    '_csrf-frontend' => '3f096d80fecacb4c662f5dc5d46614418bb3ad18c5c10587850ea96b1b344e1da:2:{i:0;s:14:\"_csrf-frontend\";i:1;s:32:\"jtz6APmwrhyJXQIAmgq_l7RH-w70w-1I\";}'
]

$_SESSION = [
    '__flash' => []
    '__returnUrl' => '/index.php'
]

$_SERVER = [
    'USER' => 'apache'
    'HOME' => '/usr/share/httpd'
    'HTTP_COOKIE' => 'advanced-frontend=dikt07ti2cb3ci1j8g5aj73161; _csrf-frontend=3f096d80fecacb4c662f5dc5d46614418bb3ad18c5c10587850ea96b1b344e1da%3A2%3A%7Bi%3A0%3Bs%3A14%3A%22_csrf-frontend%22%3Bi%3A1%3Bs%3A32%3A%22jtz6APmwrhyJXQIAmgq_l7RH-w70w-1I%22%3B%7D'
    'HTTP_ACCEPT_LANGUAGE' => 'zh-CN,zh;q=0.8'
    'HTTP_ACCEPT_ENCODING' => 'gzip, deflate, sdch'
    'HTTP_ACCEPT' => 'text/html,application/xhtml+xml,application/xml;q=0.9,image/webp,*/*;q=0.8'
    'HTTP_USER_AGENT' => 'Mozilla/5.0 (Windows NT 10.0; Win64; x64) AppleWebKit/537.36 (KHTML, like Gecko) Chrome/57.0.2987.133 Safari/537.36'
    'HTTP_UPGRADE_INSECURE_REQUESTS' => '1'
    'HTTP_CONNECTION' => 'keep-alive'
    'HTTP_HOST' => '192.168.43.82:7902'
    'PATH_INFO' => ''
    'REDIRECT_STATUS' => '200'
    'SERVER_NAME' => 'localhost'
    'SERVER_PORT' => '7902'
    'SERVER_ADDR' => '192.168.43.82'
    'REMOTE_PORT' => '55015'
    'REMOTE_ADDR' => '192.168.43.79'
    'SERVER_SOFTWARE' => 'nginx/1.12.0'
    'GATEWAY_INTERFACE' => 'CGI/1.1'
    'REQUEST_SCHEME' => 'http'
    'SERVER_PROTOCOL' => 'HTTP/1.1'
    'DOCUMENT_ROOT' => '/mnt/advanced/backend/web'
    'DOCUMENT_URI' => '/index.php'
    'REQUEST_URI' => '/index.php'
    'SCRIPT_NAME' => '/index.php'
    'CONTENT_LENGTH' => ''
    'CONTENT_TYPE' => ''
    'REQUEST_METHOD' => 'GET'
    'QUERY_STRING' => ''
    'SCRIPT_FILENAME' => '/mnt/advanced/backend/web/index.php'
    'FCGI_ROLE' => 'RESPONDER'
    'PHP_SELF' => '/index.php'
    'REQUEST_TIME_FLOAT' => 1495290966.0149
    'REQUEST_TIME' => 1495290966
]
2017-05-20 14:36:06 [192.168.43.79][-][-][warning][yii\log\Dispatcher::dispatch] Unable to send log via yii\debug\LogTarget: Exception (Invalid Configuration) 'yii\base\InvalidConfigException' with message 'The directory is not writable by the Web process: /mnt/advanced/backend/web/assets' 

in /mnt/advanced/vendor/yiisoft/yii2/web/AssetManager.php:215

Stack trace:
#0 /mnt/advanced/vendor/yiisoft/yii2/base/Object.php(107): yii\web\AssetManager->init()
#1 [internal function]: yii\base\Object->__construct(Array)
#2 /mnt/advanced/vendor/yiisoft/yii2/di/Container.php(375): ReflectionClass->newInstanceArgs(Array)
#3 /mnt/advanced/vendor/yiisoft/yii2/di/Container.php(156): yii\di\Container->build('yii\\web\\AssetMa...', Array, Array)
#4 /mnt/advanced/vendor/yiisoft/yii2/BaseYii.php(344): yii\di\Container->get('yii\\web\\AssetMa...', Array, Array)
#5 /mnt/advanced/vendor/yiisoft/yii2/di/ServiceLocator.php(135): yii\BaseYii::createObject(Array)
#6 /mnt/advanced/vendor/yiisoft/yii2/base/Application.php(605): yii\di\ServiceLocator->get('assetManager')
#7 /mnt/advanced/vendor/yiisoft/yii2/web/View.php(225): yii\base\Application->getAssetManager()
#8 /mnt/advanced/vendor/yiisoft/yii2/base/Component.php(132): yii\web\View->getAssetManager()
#9 /mnt/advanced/vendor/yiisoft/yii2-debug/panels/AssetPanel.php(53): yii\base\Component->__get('assetManager')
#10 /mnt/advanced/vendor/yiisoft/yii2-debug/LogTarget.php(54): yii\debug\panels\AssetPanel->save()
#11 /mnt/advanced/vendor/yiisoft/yii2-debug/LogTarget.php(118): yii\debug\LogTarget->export()
#12 /mnt/advanced/vendor/yiisoft/yii2/log/Dispatcher.php(188): yii\debug\LogTarget->collect(Array, true)
#13 /mnt/advanced/vendor/yiisoft/yii2/log/Logger.php(177): yii\log\Dispatcher->dispatch(Array, true)
#14 [internal function]: yii\log\Logger->flush(true)
#15 {main}
2017-05-20 14:36:06 [192.168.43.79][-][-][info][application] $_COOKIE = [
    'advanced-frontend' => 'dikt07ti2cb3ci1j8g5aj73161'
    '_csrf-frontend' => '3f096d80fecacb4c662f5dc5d46614418bb3ad18c5c10587850ea96b1b344e1da:2:{i:0;s:14:\"_csrf-frontend\";i:1;s:32:\"jtz6APmwrhyJXQIAmgq_l7RH-w70w-1I\";}'
]

$_SESSION = [
    '__flash' => []
    '__returnUrl' => '/index.php'
]

$_SERVER = [
    'USER' => 'apache'
    'HOME' => '/usr/share/httpd'
    'HTTP_COOKIE' => 'advanced-frontend=dikt07ti2cb3ci1j8g5aj73161; _csrf-frontend=3f096d80fecacb4c662f5dc5d46614418bb3ad18c5c10587850ea96b1b344e1da%3A2%3A%7Bi%3A0%3Bs%3A14%3A%22_csrf-frontend%22%3Bi%3A1%3Bs%3A32%3A%22jtz6APmwrhyJXQIAmgq_l7RH-w70w-1I%22%3B%7D'
    'HTTP_ACCEPT_LANGUAGE' => 'zh-CN,zh;q=0.8'
    'HTTP_ACCEPT_ENCODING' => 'gzip, deflate, sdch'
    'HTTP_ACCEPT' => 'text/html,application/xhtml+xml,application/xml;q=0.9,image/webp,*/*;q=0.8'
    'HTTP_USER_AGENT' => 'Mozilla/5.0 (Windows NT 10.0; Win64; x64) AppleWebKit/537.36 (KHTML, like Gecko) Chrome/57.0.2987.133 Safari/537.36'
    'HTTP_UPGRADE_INSECURE_REQUESTS' => '1'
    'HTTP_CONNECTION' => 'keep-alive'
    'HTTP_HOST' => '192.168.43.82:7902'
    'PATH_INFO' => ''
    'REDIRECT_STATUS' => '200'
    'SERVER_NAME' => 'localhost'
    'SERVER_PORT' => '7902'
    'SERVER_ADDR' => '192.168.43.82'
    'REMOTE_PORT' => '55015'
    'REMOTE_ADDR' => '192.168.43.79'
    'SERVER_SOFTWARE' => 'nginx/1.12.0'
    'GATEWAY_INTERFACE' => 'CGI/1.1'
    'REQUEST_SCHEME' => 'http'
    'SERVER_PROTOCOL' => 'HTTP/1.1'
    'DOCUMENT_ROOT' => '/mnt/advanced/backend/web'
    'DOCUMENT_URI' => '/index.php'
    'REQUEST_URI' => '/index.php'
    'SCRIPT_NAME' => '/index.php'
    'CONTENT_LENGTH' => ''
    'CONTENT_TYPE' => ''
    'REQUEST_METHOD' => 'GET'
    'QUERY_STRING' => ''
    'SCRIPT_FILENAME' => '/mnt/advanced/backend/web/index.php'
    'FCGI_ROLE' => 'RESPONDER'
    'PHP_SELF' => '/index.php'
    'REQUEST_TIME_FLOAT' => 1495290966.0149
    'REQUEST_TIME' => 1495290966
]
2017-05-20 14:36:06 [192.168.43.79][-][-][error][yii\base\ErrorException:256] yii\base\ErrorException: Exception (Invalid Configuration) 'yii\base\InvalidConfigException' with message 'The directory is not writable by the Web process: /mnt/advanced/backend/web/assets' 

in /mnt/advanced/vendor/yiisoft/yii2/web/AssetManager.php:215

Stack trace:
#0 /mnt/advanced/vendor/yiisoft/yii2/base/Object.php(107): yii\web\AssetManager->init()
#1 [internal function]: yii\base\Object->__construct(Array)
#2 /mnt/advanced/vendor/yiisoft/yii2/di/Container.php(375): ReflectionClass->newInstanceArgs(Array)
#3 /mnt/advanced/vendor/yiisoft/yii2/di/Container.php(156): yii\di\Container->build('yii\\web\\AssetMa...', Array, Array)
#4 /mnt/advanced/vendor/yiisoft/yii2/BaseYii.php(344): yii\di\Container->get('yii\\web\\AssetMa...', Array, Array)
#5 /mnt/advanced/vendor/yiisoft/yii2/di/ServiceLocator.php(135): yii\BaseYii::createObject(Array)
#6 /mnt/advanced/vendor/yiisoft/yii2/base/Application.php(605): yii\di\ServiceLocator->get('assetManager')
#7 /mnt/advanced/vendor/yiisoft/yii2/web/View.php(225): yii\base\Application->getAssetManager()
#8 /mnt/advanced/vendor/yiisoft/yii2/web/View.php(285): yii\web\View->getAssetManager()
#9 /mnt/advanced/vendor/yiisoft/yii2/web/AssetBundle.php(125): yii\web\View->registerAssetBundle('yii\\validators\\...')
#10 /mnt/advanced/vendor/yiisoft/yii2/validators/RequiredValidator.php(91): yii\web\AssetBundle::register(Object(yii\web\View))
#11 /mnt/advanced/vendor/yiisoft/yii2/widgets/ActiveField.php(763): yii\validators\RequiredValidator->clientValidateAttribute(Object(common\models\LoginForm), 'username', Object(yii\web\View))
#12 /mnt/advanced/vendor/yiisoft/yii2/widgets/ActiveField.php(230): yii\widgets\ActiveField->getClientOptions()
#13 /mnt/advanced/vendor/yiisoft/yii2/widgets/ActiveField.php(220): yii\widgets\ActiveField->begin()
#14 /mnt/advanced/vendor/yiisoft/yii2-bootstrap/ActiveField.php(187): yii\widgets\ActiveField->render('<label class="c...')
#15 /mnt/advanced/vendor/yiisoft/yii2/widgets/ActiveField.php(176): yii\bootstrap\ActiveField->render()
#16 /mnt/advanced/backend/views/site/login.php(22): yii\widgets\ActiveField->__toString()
#17 /mnt/advanced/vendor/yiisoft/yii2/base/View.php(328): require('/mnt/advanced/b...')
#18 /mnt/advanced/vendor/yiisoft/yii2/base/View.php(250): yii\base\View->renderPhpFile('/mnt/advanced/b...', Array)
#19 /mnt/advanced/vendor/yiisoft/yii2/base/View.php(152): yii\base\View->renderFile('/mnt/advanced/b...', Array, Object(backend\controllers\SiteController))
#20 /mnt/advanced/vendor/yiisoft/yii2/base/Controller.php(381): yii\base\View->render('login', Array, Object(backend\controllers\SiteController))
#21 /mnt/advanced/backend/controllers/SiteController.php(82): yii\base\Controller->render('login', Array)
#22 [internal function]: backend\controllers\SiteController->actionLogin()
#23 /mnt/advanced/vendor/yiisoft/yii2/base/InlineAction.php(57): call_user_func_array(Array, Array)
#24 /mnt/advanced/vendor/yiisoft/yii2/base/Controller.php(156): yii\base\InlineAction->runWithParams(Array)
#25 /mnt/advanced/vendor/yiisoft/yii2/base/Module.php(523): yii\base\Controller->runAction('login', Array)
#26 /mnt/advanced/vendor/yiisoft/yii2/web/Application.php(102): yii\base\Module->runAction('site/login', Array)
#27 /mnt/advanced/vendor/yiisoft/yii2/base/Application.php(380): yii\web\Application->handleRequest(Object(yii\web\Request))
#28 /mnt/advanced/backend/web/index.php(17): yii\base\Application->run()
#29 {main} in /mnt/advanced/vendor/yiisoft/yii2/base/ErrorHandler.php:314
Stack trace:
#0 /mnt/advanced/vendor/yiisoft/yii2/widgets/ActiveField.php(178): yii\base\ErrorHandler::convertExceptionToError()
#1 /mnt/advanced/backend/views/site/login.php(22): yii\widgets\ActiveField->__toString()
#2 /mnt/advanced/vendor/yiisoft/yii2/base/View.php(328): yii\base\View->unknown()
#3 /mnt/advanced/vendor/yiisoft/yii2/base/View.php(250): yii\base\View->renderPhpFile()
#4 /mnt/advanced/vendor/yiisoft/yii2/base/View.php(152): yii\base\View->renderFile()
#5 /mnt/advanced/vendor/yiisoft/yii2/base/Controller.php(381): yii\base\View->render()
#6 /mnt/advanced/backend/controllers/SiteController.php(82): yii\base\Controller->render()
#7 /mnt/advanced/vendor/yiisoft/yii2/base/InlineAction.php(57): backend\controllers\SiteController->actionLogin()
#8 /mnt/advanced/vendor/yiisoft/yii2/base/InlineAction.php(57): ::call_user_func_array:{/mnt/advanced/vendor/yiisoft/yii2/base/InlineAction.php:57}()
#9 /mnt/advanced/vendor/yiisoft/yii2/base/Controller.php(156): yii\base\InlineAction->runWithParams()
#10 /mnt/advanced/vendor/yiisoft/yii2/base/Module.php(523): yii\base\Controller->runAction()
#11 /mnt/advanced/vendor/yiisoft/yii2/web/Application.php(102): yii\base\Module->runAction()
#12 /mnt/advanced/vendor/yiisoft/yii2/base/Application.php(380): yii\web\Application->handleRequest()
#13 /mnt/advanced/backend/web/index.php(17): yii\base\Application->run()
#14 {main}
    in /mnt/advanced/backend/views/site/login.php:22
    in /mnt/advanced/backend/controllers/SiteController.php:82
2017-05-20 14:36:06 [192.168.43.79][-][-][info][application] $_GET = [
    'r' => 'site/login'
]

$_COOKIE = [
    'advanced-frontend' => 'dikt07ti2cb3ci1j8g5aj73161'
    '_csrf-frontend' => '3f096d80fecacb4c662f5dc5d46614418bb3ad18c5c10587850ea96b1b344e1da:2:{i:0;s:14:\"_csrf-frontend\";i:1;s:32:\"jtz6APmwrhyJXQIAmgq_l7RH-w70w-1I\";}'
    'advanced-backend' => '52abl9ocqskgobhdnls2652680'
]

$_SESSION = [
    '__flash' => []
    '__returnUrl' => '/index.php'
]

$_SERVER = [
    'USER' => 'apache'
    'HOME' => '/usr/share/httpd'
    'HTTP_COOKIE' => 'advanced-frontend=dikt07ti2cb3ci1j8g5aj73161; _csrf-frontend=3f096d80fecacb4c662f5dc5d46614418bb3ad18c5c10587850ea96b1b344e1da%3A2%3A%7Bi%3A0%3Bs%3A14%3A%22_csrf-frontend%22%3Bi%3A1%3Bs%3A32%3A%22jtz6APmwrhyJXQIAmgq_l7RH-w70w-1I%22%3B%7D; advanced-backend=52abl9ocqskgobhdnls2652680'
    'HTTP_ACCEPT_LANGUAGE' => 'zh-CN,zh;q=0.8'
    'HTTP_ACCEPT_ENCODING' => 'gzip, deflate, sdch'
    'HTTP_ACCEPT' => 'text/html,application/xhtml+xml,application/xml;q=0.9,image/webp,*/*;q=0.8'
    'HTTP_USER_AGENT' => 'Mozilla/5.0 (Windows NT 10.0; Win64; x64) AppleWebKit/537.36 (KHTML, like Gecko) Chrome/57.0.2987.133 Safari/537.36'
    'HTTP_UPGRADE_INSECURE_REQUESTS' => '1'
    'HTTP_CONNECTION' => 'keep-alive'
    'HTTP_HOST' => '192.168.43.82:7902'
    'PATH_INFO' => ''
    'REDIRECT_STATUS' => '200'
    'SERVER_NAME' => 'localhost'
    'SERVER_PORT' => '7902'
    'SERVER_ADDR' => '192.168.43.82'
    'REMOTE_PORT' => '55015'
    'REMOTE_ADDR' => '192.168.43.79'
    'SERVER_SOFTWARE' => 'nginx/1.12.0'
    'GATEWAY_INTERFACE' => 'CGI/1.1'
    'REQUEST_SCHEME' => 'http'
    'SERVER_PROTOCOL' => 'HTTP/1.1'
    'DOCUMENT_ROOT' => '/mnt/advanced/backend/web'
    'DOCUMENT_URI' => '/index.php'
    'REQUEST_URI' => '/index.php?r=site%2Flogin'
    'SCRIPT_NAME' => '/index.php'
    'CONTENT_LENGTH' => ''
    'CONTENT_TYPE' => ''
    'REQUEST_METHOD' => 'GET'
    'QUERY_STRING' => 'r=site%2Flogin'
    'SCRIPT_FILENAME' => '/mnt/advanced/backend/web/index.php'
    'FCGI_ROLE' => 'RESPONDER'
    'PHP_SELF' => '/index.php'
    'REQUEST_TIME_FLOAT' => 1495290966.0286
    'REQUEST_TIME' => 1495290966
]
2017-05-20 14:36:06 [192.168.43.79][-][-][warning][yii\log\Dispatcher::dispatch] Unable to send log via yii\debug\LogTarget: Exception (Invalid Configuration) 'yii\base\InvalidConfigException' with message 'The directory is not writable by the Web process: /mnt/advanced/backend/web/assets' 

in /mnt/advanced/vendor/yiisoft/yii2/web/AssetManager.php:215

Stack trace:
#0 /mnt/advanced/vendor/yiisoft/yii2/base/Object.php(107): yii\web\AssetManager->init()
#1 [internal function]: yii\base\Object->__construct(Array)
#2 /mnt/advanced/vendor/yiisoft/yii2/di/Container.php(375): ReflectionClass->newInstanceArgs(Array)
#3 /mnt/advanced/vendor/yiisoft/yii2/di/Container.php(156): yii\di\Container->build('yii\\web\\AssetMa...', Array, Array)
#4 /mnt/advanced/vendor/yiisoft/yii2/BaseYii.php(344): yii\di\Container->get('yii\\web\\AssetMa...', Array, Array)
#5 /mnt/advanced/vendor/yiisoft/yii2/di/ServiceLocator.php(135): yii\BaseYii::createObject(Array)
#6 /mnt/advanced/vendor/yiisoft/yii2/base/Application.php(605): yii\di\ServiceLocator->get('assetManager')
#7 /mnt/advanced/vendor/yiisoft/yii2/web/View.php(225): yii\base\Application->getAssetManager()
#8 /mnt/advanced/vendor/yiisoft/yii2/base/Component.php(132): yii\web\View->getAssetManager()
#9 /mnt/advanced/vendor/yiisoft/yii2-debug/panels/AssetPanel.php(53): yii\base\Component->__get('assetManager')
#10 /mnt/advanced/vendor/yiisoft/yii2-debug/LogTarget.php(54): yii\debug\panels\AssetPanel->save()
#11 /mnt/advanced/vendor/yiisoft/yii2-debug/LogTarget.php(118): yii\debug\LogTarget->export()
#12 /mnt/advanced/vendor/yiisoft/yii2/log/Dispatcher.php(188): yii\debug\LogTarget->collect(Array, true)
#13 /mnt/advanced/vendor/yiisoft/yii2/log/Logger.php(177): yii\log\Dispatcher->dispatch(Array, true)
#14 [internal function]: yii\log\Logger->flush(true)
#15 {main}
2017-05-20 14:36:06 [192.168.43.79][-][-][info][application] $_GET = [
    'r' => 'site/login'
]

$_COOKIE = [
    'advanced-frontend' => 'dikt07ti2cb3ci1j8g5aj73161'
    '_csrf-frontend' => '3f096d80fecacb4c662f5dc5d46614418bb3ad18c5c10587850ea96b1b344e1da:2:{i:0;s:14:\"_csrf-frontend\";i:1;s:32:\"jtz6APmwrhyJXQIAmgq_l7RH-w70w-1I\";}'
    'advanced-backend' => '52abl9ocqskgobhdnls2652680'
]

$_SESSION = [
    '__flash' => []
    '__returnUrl' => '/index.php'
]

$_SERVER = [
    'USER' => 'apache'
    'HOME' => '/usr/share/httpd'
    'HTTP_COOKIE' => 'advanced-frontend=dikt07ti2cb3ci1j8g5aj73161; _csrf-frontend=3f096d80fecacb4c662f5dc5d46614418bb3ad18c5c10587850ea96b1b344e1da%3A2%3A%7Bi%3A0%3Bs%3A14%3A%22_csrf-frontend%22%3Bi%3A1%3Bs%3A32%3A%22jtz6APmwrhyJXQIAmgq_l7RH-w70w-1I%22%3B%7D; advanced-backend=52abl9ocqskgobhdnls2652680'
    'HTTP_ACCEPT_LANGUAGE' => 'zh-CN,zh;q=0.8'
    'HTTP_ACCEPT_ENCODING' => 'gzip, deflate, sdch'
    'HTTP_ACCEPT' => 'text/html,application/xhtml+xml,application/xml;q=0.9,image/webp,*/*;q=0.8'
    'HTTP_USER_AGENT' => 'Mozilla/5.0 (Windows NT 10.0; Win64; x64) AppleWebKit/537.36 (KHTML, like Gecko) Chrome/57.0.2987.133 Safari/537.36'
    'HTTP_UPGRADE_INSECURE_REQUESTS' => '1'
    'HTTP_CONNECTION' => 'keep-alive'
    'HTTP_HOST' => '192.168.43.82:7902'
    'PATH_INFO' => ''
    'REDIRECT_STATUS' => '200'
    'SERVER_NAME' => 'localhost'
    'SERVER_PORT' => '7902'
    'SERVER_ADDR' => '192.168.43.82'
    'REMOTE_PORT' => '55015'
    'REMOTE_ADDR' => '192.168.43.79'
    'SERVER_SOFTWARE' => 'nginx/1.12.0'
    'GATEWAY_INTERFACE' => 'CGI/1.1'
    'REQUEST_SCHEME' => 'http'
    'SERVER_PROTOCOL' => 'HTTP/1.1'
    'DOCUMENT_ROOT' => '/mnt/advanced/backend/web'
    'DOCUMENT_URI' => '/index.php'
    'REQUEST_URI' => '/index.php?r=site%2Flogin'
    'SCRIPT_NAME' => '/index.php'
    'CONTENT_LENGTH' => ''
    'CONTENT_TYPE' => ''
    'REQUEST_METHOD' => 'GET'
    'QUERY_STRING' => 'r=site%2Flogin'
    'SCRIPT_FILENAME' => '/mnt/advanced/backend/web/index.php'
    'FCGI_ROLE' => 'RESPONDER'
    'PHP_SELF' => '/index.php'
    'REQUEST_TIME_FLOAT' => 1495290966.0286
    'REQUEST_TIME' => 1495290966
]
2017-05-20 14:36:08 [192.168.43.79][-][-][warning][yii\debug\Module::checkAccess] Access to debugger is denied due to IP address restriction. The requesting IP address is 192.168.43.79
2017-05-20 14:36:08 [192.168.43.79][-][-][info][application] $_COOKIE = [
    'advanced-frontend' => 'dikt07ti2cb3ci1j8g5aj73161'
    '_csrf-frontend' => '3f096d80fecacb4c662f5dc5d46614418bb3ad18c5c10587850ea96b1b344e1da:2:{i:0;s:14:\"_csrf-frontend\";i:1;s:32:\"jtz6APmwrhyJXQIAmgq_l7RH-w70w-1I\";}'
    'advanced-backend' => '52abl9ocqskgobhdnls2652680'
]

$_SESSION = [
    '__flash' => []
    '__returnUrl' => '/'
]

$_SERVER = [
    'USER' => 'apache'
    'HOME' => '/usr/share/httpd'
    'HTTP_COOKIE' => 'advanced-frontend=dikt07ti2cb3ci1j8g5aj73161; _csrf-frontend=3f096d80fecacb4c662f5dc5d46614418bb3ad18c5c10587850ea96b1b344e1da%3A2%3A%7Bi%3A0%3Bs%3A14%3A%22_csrf-frontend%22%3Bi%3A1%3Bs%3A32%3A%22jtz6APmwrhyJXQIAmgq_l7RH-w70w-1I%22%3B%7D; advanced-backend=52abl9ocqskgobhdnls2652680'
    'HTTP_ACCEPT_LANGUAGE' => 'zh-CN,zh;q=0.8'
    'HTTP_ACCEPT_ENCODING' => 'gzip, deflate, sdch'
    'HTTP_ACCEPT' => 'text/html,application/xhtml+xml,application/xml;q=0.9,image/webp,*/*;q=0.8'
    'HTTP_USER_AGENT' => 'Mozilla/5.0 (Windows NT 10.0; Win64; x64) AppleWebKit/537.36 (KHTML, like Gecko) Chrome/57.0.2987.133 Safari/537.36'
    'HTTP_UPGRADE_INSECURE_REQUESTS' => '1'
    'HTTP_CONNECTION' => 'keep-alive'
    'HTTP_HOST' => '192.168.43.82:7902'
    'PATH_INFO' => ''
    'REDIRECT_STATUS' => '200'
    'SERVER_NAME' => 'localhost'
    'SERVER_PORT' => '7902'
    'SERVER_ADDR' => '192.168.43.82'
    'REMOTE_PORT' => '55015'
    'REMOTE_ADDR' => '192.168.43.79'
    'SERVER_SOFTWARE' => 'nginx/1.12.0'
    'GATEWAY_INTERFACE' => 'CGI/1.1'
    'REQUEST_SCHEME' => 'http'
    'SERVER_PROTOCOL' => 'HTTP/1.1'
    'DOCUMENT_ROOT' => '/mnt/advanced/backend/web'
    'DOCUMENT_URI' => '/index.php'
    'REQUEST_URI' => '/'
    'SCRIPT_NAME' => '/index.php'
    'CONTENT_LENGTH' => ''
    'CONTENT_TYPE' => ''
    'REQUEST_METHOD' => 'GET'
    'QUERY_STRING' => ''
    'SCRIPT_FILENAME' => '/mnt/advanced/backend/web/index.php'
    'FCGI_ROLE' => 'RESPONDER'
    'PHP_SELF' => '/index.php'
    'REQUEST_TIME_FLOAT' => 1495290968.8838
    'REQUEST_TIME' => 1495290968
]
2017-05-20 14:36:08 [192.168.43.79][-][-][warning][yii\log\Dispatcher::dispatch] Unable to send log via yii\debug\LogTarget: Exception (Invalid Configuration) 'yii\base\InvalidConfigException' with message 'The directory is not writable by the Web process: /mnt/advanced/backend/web/assets' 

in /mnt/advanced/vendor/yiisoft/yii2/web/AssetManager.php:215

Stack trace:
#0 /mnt/advanced/vendor/yiisoft/yii2/base/Object.php(107): yii\web\AssetManager->init()
#1 [internal function]: yii\base\Object->__construct(Array)
#2 /mnt/advanced/vendor/yiisoft/yii2/di/Container.php(375): ReflectionClass->newInstanceArgs(Array)
#3 /mnt/advanced/vendor/yiisoft/yii2/di/Container.php(156): yii\di\Container->build('yii\\web\\AssetMa...', Array, Array)
#4 /mnt/advanced/vendor/yiisoft/yii2/BaseYii.php(344): yii\di\Container->get('yii\\web\\AssetMa...', Array, Array)
#5 /mnt/advanced/vendor/yiisoft/yii2/di/ServiceLocator.php(135): yii\BaseYii::createObject(Array)
#6 /mnt/advanced/vendor/yiisoft/yii2/base/Application.php(605): yii\di\ServiceLocator->get('assetManager')
#7 /mnt/advanced/vendor/yiisoft/yii2/web/View.php(225): yii\base\Application->getAssetManager()
#8 /mnt/advanced/vendor/yiisoft/yii2/base/Component.php(132): yii\web\View->getAssetManager()
#9 /mnt/advanced/vendor/yiisoft/yii2-debug/panels/AssetPanel.php(53): yii\base\Component->__get('assetManager')
#10 /mnt/advanced/vendor/yiisoft/yii2-debug/LogTarget.php(54): yii\debug\panels\AssetPanel->save()
#11 /mnt/advanced/vendor/yiisoft/yii2-debug/LogTarget.php(118): yii\debug\LogTarget->export()
#12 /mnt/advanced/vendor/yiisoft/yii2/log/Dispatcher.php(188): yii\debug\LogTarget->collect(Array, true)
#13 /mnt/advanced/vendor/yiisoft/yii2/log/Logger.php(177): yii\log\Dispatcher->dispatch(Array, true)
#14 [internal function]: yii\log\Logger->flush(true)
#15 {main}
2017-05-20 14:36:08 [192.168.43.79][-][-][info][application] $_COOKIE = [
    'advanced-frontend' => 'dikt07ti2cb3ci1j8g5aj73161'
    '_csrf-frontend' => '3f096d80fecacb4c662f5dc5d46614418bb3ad18c5c10587850ea96b1b344e1da:2:{i:0;s:14:\"_csrf-frontend\";i:1;s:32:\"jtz6APmwrhyJXQIAmgq_l7RH-w70w-1I\";}'
    'advanced-backend' => '52abl9ocqskgobhdnls2652680'
]

$_SESSION = [
    '__flash' => []
    '__returnUrl' => '/'
]

$_SERVER = [
    'USER' => 'apache'
    'HOME' => '/usr/share/httpd'
    'HTTP_COOKIE' => 'advanced-frontend=dikt07ti2cb3ci1j8g5aj73161; _csrf-frontend=3f096d80fecacb4c662f5dc5d46614418bb3ad18c5c10587850ea96b1b344e1da%3A2%3A%7Bi%3A0%3Bs%3A14%3A%22_csrf-frontend%22%3Bi%3A1%3Bs%3A32%3A%22jtz6APmwrhyJXQIAmgq_l7RH-w70w-1I%22%3B%7D; advanced-backend=52abl9ocqskgobhdnls2652680'
    'HTTP_ACCEPT_LANGUAGE' => 'zh-CN,zh;q=0.8'
    'HTTP_ACCEPT_ENCODING' => 'gzip, deflate, sdch'
    'HTTP_ACCEPT' => 'text/html,application/xhtml+xml,application/xml;q=0.9,image/webp,*/*;q=0.8'
    'HTTP_USER_AGENT' => 'Mozilla/5.0 (Windows NT 10.0; Win64; x64) AppleWebKit/537.36 (KHTML, like Gecko) Chrome/57.0.2987.133 Safari/537.36'
    'HTTP_UPGRADE_INSECURE_REQUESTS' => '1'
    'HTTP_CONNECTION' => 'keep-alive'
    'HTTP_HOST' => '192.168.43.82:7902'
    'PATH_INFO' => ''
    'REDIRECT_STATUS' => '200'
    'SERVER_NAME' => 'localhost'
    'SERVER_PORT' => '7902'
    'SERVER_ADDR' => '192.168.43.82'
    'REMOTE_PORT' => '55015'
    'REMOTE_ADDR' => '192.168.43.79'
    'SERVER_SOFTWARE' => 'nginx/1.12.0'
    'GATEWAY_INTERFACE' => 'CGI/1.1'
    'REQUEST_SCHEME' => 'http'
    'SERVER_PROTOCOL' => 'HTTP/1.1'
    'DOCUMENT_ROOT' => '/mnt/advanced/backend/web'
    'DOCUMENT_URI' => '/index.php'
    'REQUEST_URI' => '/'
    'SCRIPT_NAME' => '/index.php'
    'CONTENT_LENGTH' => ''
    'CONTENT_TYPE' => ''
    'REQUEST_METHOD' => 'GET'
    'QUERY_STRING' => ''
    'SCRIPT_FILENAME' => '/mnt/advanced/backend/web/index.php'
    'FCGI_ROLE' => 'RESPONDER'
    'PHP_SELF' => '/index.php'
    'REQUEST_TIME_FLOAT' => 1495290968.8838
    'REQUEST_TIME' => 1495290968
]
2017-05-20 14:36:08 [192.168.43.79][-][-][error][yii\base\ErrorException:256] yii\base\ErrorException: Exception (Invalid Configuration) 'yii\base\InvalidConfigException' with message 'The directory is not writable by the Web process: /mnt/advanced/backend/web/assets' 

in /mnt/advanced/vendor/yiisoft/yii2/web/AssetManager.php:215

Stack trace:
#0 /mnt/advanced/vendor/yiisoft/yii2/base/Object.php(107): yii\web\AssetManager->init()
#1 [internal function]: yii\base\Object->__construct(Array)
#2 /mnt/advanced/vendor/yiisoft/yii2/di/Container.php(375): ReflectionClass->newInstanceArgs(Array)
#3 /mnt/advanced/vendor/yiisoft/yii2/di/Container.php(156): yii\di\Container->build('yii\\web\\AssetMa...', Array, Array)
#4 /mnt/advanced/vendor/yiisoft/yii2/BaseYii.php(344): yii\di\Container->get('yii\\web\\AssetMa...', Array, Array)
#5 /mnt/advanced/vendor/yiisoft/yii2/di/ServiceLocator.php(135): yii\BaseYii::createObject(Array)
#6 /mnt/advanced/vendor/yiisoft/yii2/base/Application.php(605): yii\di\ServiceLocator->get('assetManager')
#7 /mnt/advanced/vendor/yiisoft/yii2/web/View.php(225): yii\base\Application->getAssetManager()
#8 /mnt/advanced/vendor/yiisoft/yii2/web/View.php(285): yii\web\View->getAssetManager()
#9 /mnt/advanced/vendor/yiisoft/yii2/web/AssetBundle.php(125): yii\web\View->registerAssetBundle('yii\\validators\\...')
#10 /mnt/advanced/vendor/yiisoft/yii2/validators/RequiredValidator.php(91): yii\web\AssetBundle::register(Object(yii\web\View))
#11 /mnt/advanced/vendor/yiisoft/yii2/widgets/ActiveField.php(763): yii\validators\RequiredValidator->clientValidateAttribute(Object(common\models\LoginForm), 'username', Object(yii\web\View))
#12 /mnt/advanced/vendor/yiisoft/yii2/widgets/ActiveField.php(230): yii\widgets\ActiveField->getClientOptions()
#13 /mnt/advanced/vendor/yiisoft/yii2/widgets/ActiveField.php(220): yii\widgets\ActiveField->begin()
#14 /mnt/advanced/vendor/yiisoft/yii2-bootstrap/ActiveField.php(187): yii\widgets\ActiveField->render('<label class="c...')
#15 /mnt/advanced/vendor/yiisoft/yii2/widgets/ActiveField.php(176): yii\bootstrap\ActiveField->render()
#16 /mnt/advanced/backend/views/site/login.php(22): yii\widgets\ActiveField->__toString()
#17 /mnt/advanced/vendor/yiisoft/yii2/base/View.php(328): require('/mnt/advanced/b...')
#18 /mnt/advanced/vendor/yiisoft/yii2/base/View.php(250): yii\base\View->renderPhpFile('/mnt/advanced/b...', Array)
#19 /mnt/advanced/vendor/yiisoft/yii2/base/View.php(152): yii\base\View->renderFile('/mnt/advanced/b...', Array, Object(backend\controllers\SiteController))
#20 /mnt/advanced/vendor/yiisoft/yii2/base/Controller.php(381): yii\base\View->render('login', Array, Object(backend\controllers\SiteController))
#21 /mnt/advanced/backend/controllers/SiteController.php(82): yii\base\Controller->render('login', Array)
#22 [internal function]: backend\controllers\SiteController->actionLogin()
#23 /mnt/advanced/vendor/yiisoft/yii2/base/InlineAction.php(57): call_user_func_array(Array, Array)
#24 /mnt/advanced/vendor/yiisoft/yii2/base/Controller.php(156): yii\base\InlineAction->runWithParams(Array)
#25 /mnt/advanced/vendor/yiisoft/yii2/base/Module.php(523): yii\base\Controller->runAction('login', Array)
#26 /mnt/advanced/vendor/yiisoft/yii2/web/Application.php(102): yii\base\Module->runAction('site/login', Array)
#27 /mnt/advanced/vendor/yiisoft/yii2/base/Application.php(380): yii\web\Application->handleRequest(Object(yii\web\Request))
#28 /mnt/advanced/backend/web/index.php(17): yii\base\Application->run()
#29 {main} in /mnt/advanced/vendor/yiisoft/yii2/base/ErrorHandler.php:314
Stack trace:
#0 /mnt/advanced/vendor/yiisoft/yii2/widgets/ActiveField.php(178): yii\base\ErrorHandler::convertExceptionToError()
#1 /mnt/advanced/backend/views/site/login.php(22): yii\widgets\ActiveField->__toString()
#2 /mnt/advanced/vendor/yiisoft/yii2/base/View.php(328): yii\base\View->unknown()
#3 /mnt/advanced/vendor/yiisoft/yii2/base/View.php(250): yii\base\View->renderPhpFile()
#4 /mnt/advanced/vendor/yiisoft/yii2/base/View.php(152): yii\base\View->renderFile()
#5 /mnt/advanced/vendor/yiisoft/yii2/base/Controller.php(381): yii\base\View->render()
#6 /mnt/advanced/backend/controllers/SiteController.php(82): yii\base\Controller->render()
#7 /mnt/advanced/vendor/yiisoft/yii2/base/InlineAction.php(57): backend\controllers\SiteController->actionLogin()
#8 /mnt/advanced/vendor/yiisoft/yii2/base/InlineAction.php(57): ::call_user_func_array:{/mnt/advanced/vendor/yiisoft/yii2/base/InlineAction.php:57}()
#9 /mnt/advanced/vendor/yiisoft/yii2/base/Controller.php(156): yii\base\InlineAction->runWithParams()
#10 /mnt/advanced/vendor/yiisoft/yii2/base/Module.php(523): yii\base\Controller->runAction()
#11 /mnt/advanced/vendor/yiisoft/yii2/web/Application.php(102): yii\base\Module->runAction()
#12 /mnt/advanced/vendor/yiisoft/yii2/base/Application.php(380): yii\web\Application->handleRequest()
#13 /mnt/advanced/backend/web/index.php(17): yii\base\Application->run()
#14 {main}
    in /mnt/advanced/backend/views/site/login.php:22
    in /mnt/advanced/backend/controllers/SiteController.php:82
2017-05-20 14:36:08 [192.168.43.79][-][-][info][application] $_GET = [
    'r' => 'site/login'
]

$_COOKIE = [
    'advanced-frontend' => 'dikt07ti2cb3ci1j8g5aj73161'
    '_csrf-frontend' => '3f096d80fecacb4c662f5dc5d46614418bb3ad18c5c10587850ea96b1b344e1da:2:{i:0;s:14:\"_csrf-frontend\";i:1;s:32:\"jtz6APmwrhyJXQIAmgq_l7RH-w70w-1I\";}'
    'advanced-backend' => '52abl9ocqskgobhdnls2652680'
]

$_SESSION = [
    '__flash' => []
    '__returnUrl' => '/'
]

$_SERVER = [
    'USER' => 'apache'
    'HOME' => '/usr/share/httpd'
    'HTTP_COOKIE' => 'advanced-frontend=dikt07ti2cb3ci1j8g5aj73161; _csrf-frontend=3f096d80fecacb4c662f5dc5d46614418bb3ad18c5c10587850ea96b1b344e1da%3A2%3A%7Bi%3A0%3Bs%3A14%3A%22_csrf-frontend%22%3Bi%3A1%3Bs%3A32%3A%22jtz6APmwrhyJXQIAmgq_l7RH-w70w-1I%22%3B%7D; advanced-backend=52abl9ocqskgobhdnls2652680'
    'HTTP_ACCEPT_LANGUAGE' => 'zh-CN,zh;q=0.8'
    'HTTP_ACCEPT_ENCODING' => 'gzip, deflate, sdch'
    'HTTP_ACCEPT' => 'text/html,application/xhtml+xml,application/xml;q=0.9,image/webp,*/*;q=0.8'
    'HTTP_USER_AGENT' => 'Mozilla/5.0 (Windows NT 10.0; Win64; x64) AppleWebKit/537.36 (KHTML, like Gecko) Chrome/57.0.2987.133 Safari/537.36'
    'HTTP_UPGRADE_INSECURE_REQUESTS' => '1'
    'HTTP_CONNECTION' => 'keep-alive'
    'HTTP_HOST' => '192.168.43.82:7902'
    'PATH_INFO' => ''
    'REDIRECT_STATUS' => '200'
    'SERVER_NAME' => 'localhost'
    'SERVER_PORT' => '7902'
    'SERVER_ADDR' => '192.168.43.82'
    'REMOTE_PORT' => '55015'
    'REMOTE_ADDR' => '192.168.43.79'
    'SERVER_SOFTWARE' => 'nginx/1.12.0'
    'GATEWAY_INTERFACE' => 'CGI/1.1'
    'REQUEST_SCHEME' => 'http'
    'SERVER_PROTOCOL' => 'HTTP/1.1'
    'DOCUMENT_ROOT' => '/mnt/advanced/backend/web'
    'DOCUMENT_URI' => '/index.php'
    'REQUEST_URI' => '/index.php?r=site%2Flogin'
    'SCRIPT_NAME' => '/index.php'
    'CONTENT_LENGTH' => ''
    'CONTENT_TYPE' => ''
    'REQUEST_METHOD' => 'GET'
    'QUERY_STRING' => 'r=site%2Flogin'
    'SCRIPT_FILENAME' => '/mnt/advanced/backend/web/index.php'
    'FCGI_ROLE' => 'RESPONDER'
    'PHP_SELF' => '/index.php'
    'REQUEST_TIME_FLOAT' => 1495290968.8971
    'REQUEST_TIME' => 1495290968
]
2017-05-20 14:36:08 [192.168.43.79][-][-][warning][yii\log\Dispatcher::dispatch] Unable to send log via yii\debug\LogTarget: Exception (Invalid Configuration) 'yii\base\InvalidConfigException' with message 'The directory is not writable by the Web process: /mnt/advanced/backend/web/assets' 

in /mnt/advanced/vendor/yiisoft/yii2/web/AssetManager.php:215

Stack trace:
#0 /mnt/advanced/vendor/yiisoft/yii2/base/Object.php(107): yii\web\AssetManager->init()
#1 [internal function]: yii\base\Object->__construct(Array)
#2 /mnt/advanced/vendor/yiisoft/yii2/di/Container.php(375): ReflectionClass->newInstanceArgs(Array)
#3 /mnt/advanced/vendor/yiisoft/yii2/di/Container.php(156): yii\di\Container->build('yii\\web\\AssetMa...', Array, Array)
#4 /mnt/advanced/vendor/yiisoft/yii2/BaseYii.php(344): yii\di\Container->get('yii\\web\\AssetMa...', Array, Array)
#5 /mnt/advanced/vendor/yiisoft/yii2/di/ServiceLocator.php(135): yii\BaseYii::createObject(Array)
#6 /mnt/advanced/vendor/yiisoft/yii2/base/Application.php(605): yii\di\ServiceLocator->get('assetManager')
#7 /mnt/advanced/vendor/yiisoft/yii2/web/View.php(225): yii\base\Application->getAssetManager()
#8 /mnt/advanced/vendor/yiisoft/yii2/base/Component.php(132): yii\web\View->getAssetManager()
#9 /mnt/advanced/vendor/yiisoft/yii2-debug/panels/AssetPanel.php(53): yii\base\Component->__get('assetManager')
#10 /mnt/advanced/vendor/yiisoft/yii2-debug/LogTarget.php(54): yii\debug\panels\AssetPanel->save()
#11 /mnt/advanced/vendor/yiisoft/yii2-debug/LogTarget.php(118): yii\debug\LogTarget->export()
#12 /mnt/advanced/vendor/yiisoft/yii2/log/Dispatcher.php(188): yii\debug\LogTarget->collect(Array, true)
#13 /mnt/advanced/vendor/yiisoft/yii2/log/Logger.php(177): yii\log\Dispatcher->dispatch(Array, true)
#14 [internal function]: yii\log\Logger->flush(true)
#15 {main}
2017-05-20 14:36:08 [192.168.43.79][-][-][info][application] $_GET = [
    'r' => 'site/login'
]

$_COOKIE = [
    'advanced-frontend' => 'dikt07ti2cb3ci1j8g5aj73161'
    '_csrf-frontend' => '3f096d80fecacb4c662f5dc5d46614418bb3ad18c5c10587850ea96b1b344e1da:2:{i:0;s:14:\"_csrf-frontend\";i:1;s:32:\"jtz6APmwrhyJXQIAmgq_l7RH-w70w-1I\";}'
    'advanced-backend' => '52abl9ocqskgobhdnls2652680'
]

$_SESSION = [
    '__flash' => []
    '__returnUrl' => '/'
]

$_SERVER = [
    'USER' => 'apache'
    'HOME' => '/usr/share/httpd'
    'HTTP_COOKIE' => 'advanced-frontend=dikt07ti2cb3ci1j8g5aj73161; _csrf-frontend=3f096d80fecacb4c662f5dc5d46614418bb3ad18c5c10587850ea96b1b344e1da%3A2%3A%7Bi%3A0%3Bs%3A14%3A%22_csrf-frontend%22%3Bi%3A1%3Bs%3A32%3A%22jtz6APmwrhyJXQIAmgq_l7RH-w70w-1I%22%3B%7D; advanced-backend=52abl9ocqskgobhdnls2652680'
    'HTTP_ACCEPT_LANGUAGE' => 'zh-CN,zh;q=0.8'
    'HTTP_ACCEPT_ENCODING' => 'gzip, deflate, sdch'
    'HTTP_ACCEPT' => 'text/html,application/xhtml+xml,application/xml;q=0.9,image/webp,*/*;q=0.8'
    'HTTP_USER_AGENT' => 'Mozilla/5.0 (Windows NT 10.0; Win64; x64) AppleWebKit/537.36 (KHTML, like Gecko) Chrome/57.0.2987.133 Safari/537.36'
    'HTTP_UPGRADE_INSECURE_REQUESTS' => '1'
    'HTTP_CONNECTION' => 'keep-alive'
    'HTTP_HOST' => '192.168.43.82:7902'
    'PATH_INFO' => ''
    'REDIRECT_STATUS' => '200'
    'SERVER_NAME' => 'localhost'
    'SERVER_PORT' => '7902'
    'SERVER_ADDR' => '192.168.43.82'
    'REMOTE_PORT' => '55015'
    'REMOTE_ADDR' => '192.168.43.79'
    'SERVER_SOFTWARE' => 'nginx/1.12.0'
    'GATEWAY_INTERFACE' => 'CGI/1.1'
    'REQUEST_SCHEME' => 'http'
    'SERVER_PROTOCOL' => 'HTTP/1.1'
    'DOCUMENT_ROOT' => '/mnt/advanced/backend/web'
    'DOCUMENT_URI' => '/index.php'
    'REQUEST_URI' => '/index.php?r=site%2Flogin'
    'SCRIPT_NAME' => '/index.php'
    'CONTENT_LENGTH' => ''
    'CONTENT_TYPE' => ''
    'REQUEST_METHOD' => 'GET'
    'QUERY_STRING' => 'r=site%2Flogin'
    'SCRIPT_FILENAME' => '/mnt/advanced/backend/web/index.php'
    'FCGI_ROLE' => 'RESPONDER'
    'PHP_SELF' => '/index.php'
    'REQUEST_TIME_FLOAT' => 1495290968.8971
    'REQUEST_TIME' => 1495290968
]
2017-05-20 14:36:43 [192.168.43.79][-][-][warning][yii\debug\Module::checkAccess] Access to debugger is denied due to IP address restriction. The requesting IP address is 192.168.43.79
    in /mnt/advanced/backend/views/layouts/main.php:76
    in /mnt/advanced/backend/controllers/SiteController.php:82
2017-05-20 14:36:43 [192.168.43.79][-][-][warning][yii\debug\Module::checkAccess] Access to debugger is denied due to IP address restriction. The requesting IP address is 192.168.43.79
2017-05-20 14:36:42 [192.168.43.79][-][-][info][application] $_GET = [
    'r' => 'site/login'
]

$_COOKIE = [
    'advanced-frontend' => 'dikt07ti2cb3ci1j8g5aj73161'
    '_csrf-frontend' => '3f096d80fecacb4c662f5dc5d46614418bb3ad18c5c10587850ea96b1b344e1da:2:{i:0;s:14:\"_csrf-frontend\";i:1;s:32:\"jtz6APmwrhyJXQIAmgq_l7RH-w70w-1I\";}'
    'advanced-backend' => '52abl9ocqskgobhdnls2652680'
]

$_SESSION = [
    '__flash' => []
    '__returnUrl' => '/'
]

$_SERVER = [
    'USER' => 'apache'
    'HOME' => '/usr/share/httpd'
    'HTTP_COOKIE' => 'advanced-frontend=dikt07ti2cb3ci1j8g5aj73161; _csrf-frontend=3f096d80fecacb4c662f5dc5d46614418bb3ad18c5c10587850ea96b1b344e1da%3A2%3A%7Bi%3A0%3Bs%3A14%3A%22_csrf-frontend%22%3Bi%3A1%3Bs%3A32%3A%22jtz6APmwrhyJXQIAmgq_l7RH-w70w-1I%22%3B%7D; advanced-backend=52abl9ocqskgobhdnls2652680'
    'HTTP_ACCEPT_LANGUAGE' => 'zh-CN,zh;q=0.8'
    'HTTP_ACCEPT_ENCODING' => 'gzip, deflate, sdch'
    'HTTP_ACCEPT' => 'text/html,application/xhtml+xml,application/xml;q=0.9,image/webp,*/*;q=0.8'
    'HTTP_USER_AGENT' => 'Mozilla/5.0 (Windows NT 10.0; Win64; x64) AppleWebKit/537.36 (KHTML, like Gecko) Chrome/57.0.2987.133 Safari/537.36'
    'HTTP_UPGRADE_INSECURE_REQUESTS' => '1'
    'HTTP_CACHE_CONTROL' => 'max-age=0'
    'HTTP_CONNECTION' => 'keep-alive'
    'HTTP_HOST' => '192.168.43.82:7902'
    'PATH_INFO' => ''
    'REDIRECT_STATUS' => '200'
    'SERVER_NAME' => 'localhost'
    'SERVER_PORT' => '7902'
    'SERVER_ADDR' => '192.168.43.82'
    'REMOTE_PORT' => '55015'
    'REMOTE_ADDR' => '192.168.43.79'
    'SERVER_SOFTWARE' => 'nginx/1.12.0'
    'GATEWAY_INTERFACE' => 'CGI/1.1'
    'REQUEST_SCHEME' => 'http'
    'SERVER_PROTOCOL' => 'HTTP/1.1'
    'DOCUMENT_ROOT' => '/mnt/advanced/backend/web'
    'DOCUMENT_URI' => '/index.php'
    'REQUEST_URI' => '/index.php?r=site%2Flogin'
    'SCRIPT_NAME' => '/index.php'
    'CONTENT_LENGTH' => ''
    'CONTENT_TYPE' => ''
    'REQUEST_METHOD' => 'GET'
    'QUERY_STRING' => 'r=site%2Flogin'
    'SCRIPT_FILENAME' => '/mnt/advanced/backend/web/index.php'
    'FCGI_ROLE' => 'RESPONDER'
    'PHP_SELF' => '/index.php'
    'REQUEST_TIME_FLOAT' => 1495291002.5808
    'REQUEST_TIME' => 1495291002
]
2017-05-20 14:36:44 [192.168.43.79][-][-][warning][yii\debug\Module::checkAccess] Access to debugger is denied due to IP address restriction. The requesting IP address is 192.168.43.79
2017-05-20 14:36:44 [192.168.43.79][-][-][info][application] $_COOKIE = [
    'advanced-frontend' => 'dikt07ti2cb3ci1j8g5aj73161'
    '_csrf-frontend' => '3f096d80fecacb4c662f5dc5d46614418bb3ad18c5c10587850ea96b1b344e1da:2:{i:0;s:14:\"_csrf-frontend\";i:1;s:32:\"jtz6APmwrhyJXQIAmgq_l7RH-w70w-1I\";}'
    'advanced-backend' => '52abl9ocqskgobhdnls2652680'
    '_csrf-backend' => '9df3f3425be57966765ec22a412b3de745c11b30cd379e0c2857143060b820ffa:2:{i:0;s:13:\"_csrf-backend\";i:1;s:32:\"cKvhos5StYxuSk608BMheWP15mqLbnAM\";}'
]

$_SESSION = [
    '__flash' => []
    '__returnUrl' => '/index.php'
]

$_SERVER = [
    'USER' => 'apache'
    'HOME' => '/usr/share/httpd'
    'HTTP_COOKIE' => 'advanced-frontend=dikt07ti2cb3ci1j8g5aj73161; _csrf-frontend=3f096d80fecacb4c662f5dc5d46614418bb3ad18c5c10587850ea96b1b344e1da%3A2%3A%7Bi%3A0%3Bs%3A14%3A%22_csrf-frontend%22%3Bi%3A1%3Bs%3A32%3A%22jtz6APmwrhyJXQIAmgq_l7RH-w70w-1I%22%3B%7D; advanced-backend=52abl9ocqskgobhdnls2652680; _csrf-backend=9df3f3425be57966765ec22a412b3de745c11b30cd379e0c2857143060b820ffa%3A2%3A%7Bi%3A0%3Bs%3A13%3A%22_csrf-backend%22%3Bi%3A1%3Bs%3A32%3A%22cKvhos5StYxuSk608BMheWP15mqLbnAM%22%3B%7D'
    'HTTP_ACCEPT_LANGUAGE' => 'zh-CN,zh;q=0.8'
    'HTTP_ACCEPT_ENCODING' => 'gzip, deflate, sdch'
    'HTTP_REFERER' => 'http://192.168.43.82:7902/index.php?r=site%2Flogin'
    'HTTP_ACCEPT' => 'text/html,application/xhtml+xml,application/xml;q=0.9,image/webp,*/*;q=0.8'
    'HTTP_USER_AGENT' => 'Mozilla/5.0 (Windows NT 10.0; Win64; x64) AppleWebKit/537.36 (KHTML, like Gecko) Chrome/57.0.2987.133 Safari/537.36'
    'HTTP_UPGRADE_INSECURE_REQUESTS' => '1'
    'HTTP_CONNECTION' => 'keep-alive'
    'HTTP_HOST' => '192.168.43.82:7902'
    'PATH_INFO' => ''
    'REDIRECT_STATUS' => '200'
    'SERVER_NAME' => 'localhost'
    'SERVER_PORT' => '7902'
    'SERVER_ADDR' => '192.168.43.82'
    'REMOTE_PORT' => '55053'
    'REMOTE_ADDR' => '192.168.43.79'
    'SERVER_SOFTWARE' => 'nginx/1.12.0'
    'GATEWAY_INTERFACE' => 'CGI/1.1'
    'REQUEST_SCHEME' => 'http'
    'SERVER_PROTOCOL' => 'HTTP/1.1'
    'DOCUMENT_ROOT' => '/mnt/advanced/backend/web'
    'DOCUMENT_URI' => '/index.php'
    'REQUEST_URI' => '/index.php'
    'SCRIPT_NAME' => '/index.php'
    'CONTENT_LENGTH' => ''
    'CONTENT_TYPE' => ''
    'REQUEST_METHOD' => 'GET'
    'QUERY_STRING' => ''
    'SCRIPT_FILENAME' => '/mnt/advanced/backend/web/index.php'
    'FCGI_ROLE' => 'RESPONDER'
    'PHP_SELF' => '/index.php'
    'REQUEST_TIME_FLOAT' => 1495291004.5828
    'REQUEST_TIME' => 1495291004
]
2017-05-20 14:36:44 [192.168.43.79][-][-][warning][yii\debug\Module::checkAccess] Access to debugger is denied due to IP address restriction. The requesting IP address is 192.168.43.79
    in /mnt/advanced/backend/views/layouts/main.php:76
    in /mnt/advanced/backend/controllers/SiteController.php:82
2017-05-20 14:36:44 [192.168.43.79][-][-][warning][yii\debug\Module::checkAccess] Access to debugger is denied due to IP address restriction. The requesting IP address is 192.168.43.79
2017-05-20 14:36:44 [192.168.43.79][-][-][info][application] $_GET = [
    'r' => 'site/login'
]

$_COOKIE = [
    'advanced-frontend' => 'dikt07ti2cb3ci1j8g5aj73161'
    '_csrf-frontend' => '3f096d80fecacb4c662f5dc5d46614418bb3ad18c5c10587850ea96b1b344e1da:2:{i:0;s:14:\"_csrf-frontend\";i:1;s:32:\"jtz6APmwrhyJXQIAmgq_l7RH-w70w-1I\";}'
    'advanced-backend' => '52abl9ocqskgobhdnls2652680'
    '_csrf-backend' => '9df3f3425be57966765ec22a412b3de745c11b30cd379e0c2857143060b820ffa:2:{i:0;s:13:\"_csrf-backend\";i:1;s:32:\"cKvhos5StYxuSk608BMheWP15mqLbnAM\";}'
]

$_SESSION = [
    '__flash' => []
    '__returnUrl' => '/index.php'
]

$_SERVER = [
    'USER' => 'apache'
    'HOME' => '/usr/share/httpd'
    'HTTP_COOKIE' => 'advanced-frontend=dikt07ti2cb3ci1j8g5aj73161; _csrf-frontend=3f096d80fecacb4c662f5dc5d46614418bb3ad18c5c10587850ea96b1b344e1da%3A2%3A%7Bi%3A0%3Bs%3A14%3A%22_csrf-frontend%22%3Bi%3A1%3Bs%3A32%3A%22jtz6APmwrhyJXQIAmgq_l7RH-w70w-1I%22%3B%7D; advanced-backend=52abl9ocqskgobhdnls2652680; _csrf-backend=9df3f3425be57966765ec22a412b3de745c11b30cd379e0c2857143060b820ffa%3A2%3A%7Bi%3A0%3Bs%3A13%3A%22_csrf-backend%22%3Bi%3A1%3Bs%3A32%3A%22cKvhos5StYxuSk608BMheWP15mqLbnAM%22%3B%7D'
    'HTTP_ACCEPT_LANGUAGE' => 'zh-CN,zh;q=0.8'
    'HTTP_ACCEPT_ENCODING' => 'gzip, deflate, sdch'
    'HTTP_REFERER' => 'http://192.168.43.82:7902/index.php?r=site%2Flogin'
    'HTTP_ACCEPT' => 'text/html,application/xhtml+xml,application/xml;q=0.9,image/webp,*/*;q=0.8'
    'HTTP_USER_AGENT' => 'Mozilla/5.0 (Windows NT 10.0; Win64; x64) AppleWebKit/537.36 (KHTML, like Gecko) Chrome/57.0.2987.133 Safari/537.36'
    'HTTP_UPGRADE_INSECURE_REQUESTS' => '1'
    'HTTP_CONNECTION' => 'keep-alive'
    'HTTP_HOST' => '192.168.43.82:7902'
    'PATH_INFO' => ''
    'REDIRECT_STATUS' => '200'
    'SERVER_NAME' => 'localhost'
    'SERVER_PORT' => '7902'
    'SERVER_ADDR' => '192.168.43.82'
    'REMOTE_PORT' => '55053'
    'REMOTE_ADDR' => '192.168.43.79'
    'SERVER_SOFTWARE' => 'nginx/1.12.0'
    'GATEWAY_INTERFACE' => 'CGI/1.1'
    'REQUEST_SCHEME' => 'http'
    'SERVER_PROTOCOL' => 'HTTP/1.1'
    'DOCUMENT_ROOT' => '/mnt/advanced/backend/web'
    'DOCUMENT_URI' => '/index.php'
    'REQUEST_URI' => '/index.php?r=site%2Flogin'
    'SCRIPT_NAME' => '/index.php'
    'CONTENT_LENGTH' => ''
    'CONTENT_TYPE' => ''
    'REQUEST_METHOD' => 'GET'
    'QUERY_STRING' => 'r=site%2Flogin'
    'SCRIPT_FILENAME' => '/mnt/advanced/backend/web/index.php'
    'FCGI_ROLE' => 'RESPONDER'
    'PHP_SELF' => '/index.php'
    'REQUEST_TIME_FLOAT' => 1495291004.5945
    'REQUEST_TIME' => 1495291004
]
2017-05-20 14:36:46 [192.168.43.79][-][-][warning][yii\debug\Module::checkAccess] Access to debugger is denied due to IP address restriction. The requesting IP address is 192.168.43.79
2017-05-20 14:36:46 [192.168.43.79][-][-][info][application] $_GET = [
    'r' => 'site/index'
]

$_COOKIE = [
    'advanced-frontend' => 'dikt07ti2cb3ci1j8g5aj73161'
    '_csrf-frontend' => '3f096d80fecacb4c662f5dc5d46614418bb3ad18c5c10587850ea96b1b344e1da:2:{i:0;s:14:\"_csrf-frontend\";i:1;s:32:\"jtz6APmwrhyJXQIAmgq_l7RH-w70w-1I\";}'
    'advanced-backend' => '52abl9ocqskgobhdnls2652680'
    '_csrf-backend' => '9df3f3425be57966765ec22a412b3de745c11b30cd379e0c2857143060b820ffa:2:{i:0;s:13:\"_csrf-backend\";i:1;s:32:\"cKvhos5StYxuSk608BMheWP15mqLbnAM\";}'
]

$_SESSION = [
    '__flash' => []
    '__returnUrl' => '/index.php?r=site%2Findex'
]

$_SERVER = [
    'USER' => 'apache'
    'HOME' => '/usr/share/httpd'
    'HTTP_COOKIE' => 'advanced-frontend=dikt07ti2cb3ci1j8g5aj73161; _csrf-frontend=3f096d80fecacb4c662f5dc5d46614418bb3ad18c5c10587850ea96b1b344e1da%3A2%3A%7Bi%3A0%3Bs%3A14%3A%22_csrf-frontend%22%3Bi%3A1%3Bs%3A32%3A%22jtz6APmwrhyJXQIAmgq_l7RH-w70w-1I%22%3B%7D; advanced-backend=52abl9ocqskgobhdnls2652680; _csrf-backend=9df3f3425be57966765ec22a412b3de745c11b30cd379e0c2857143060b820ffa%3A2%3A%7Bi%3A0%3Bs%3A13%3A%22_csrf-backend%22%3Bi%3A1%3Bs%3A32%3A%22cKvhos5StYxuSk608BMheWP15mqLbnAM%22%3B%7D'
    'HTTP_ACCEPT_LANGUAGE' => 'zh-CN,zh;q=0.8'
    'HTTP_ACCEPT_ENCODING' => 'gzip, deflate, sdch'
    'HTTP_REFERER' => 'http://192.168.43.82:7902/index.php?r=site%2Flogin'
    'HTTP_ACCEPT' => 'text/html,application/xhtml+xml,application/xml;q=0.9,image/webp,*/*;q=0.8'
    'HTTP_USER_AGENT' => 'Mozilla/5.0 (Windows NT 10.0; Win64; x64) AppleWebKit/537.36 (KHTML, like Gecko) Chrome/57.0.2987.133 Safari/537.36'
    'HTTP_UPGRADE_INSECURE_REQUESTS' => '1'
    'HTTP_CONNECTION' => 'keep-alive'
    'HTTP_HOST' => '192.168.43.82:7902'
    'PATH_INFO' => ''
    'REDIRECT_STATUS' => '200'
    'SERVER_NAME' => 'localhost'
    'SERVER_PORT' => '7902'
    'SERVER_ADDR' => '192.168.43.82'
    'REMOTE_PORT' => '55052'
    'REMOTE_ADDR' => '192.168.43.79'
    'SERVER_SOFTWARE' => 'nginx/1.12.0'
    'GATEWAY_INTERFACE' => 'CGI/1.1'
    'REQUEST_SCHEME' => 'http'
    'SERVER_PROTOCOL' => 'HTTP/1.1'
    'DOCUMENT_ROOT' => '/mnt/advanced/backend/web'
    'DOCUMENT_URI' => '/index.php'
    'REQUEST_URI' => '/index.php?r=site%2Findex'
    'SCRIPT_NAME' => '/index.php'
    'CONTENT_LENGTH' => ''
    'CONTENT_TYPE' => ''
    'REQUEST_METHOD' => 'GET'
    'QUERY_STRING' => 'r=site%2Findex'
    'SCRIPT_FILENAME' => '/mnt/advanced/backend/web/index.php'
    'FCGI_ROLE' => 'RESPONDER'
    'PHP_SELF' => '/index.php'
    'REQUEST_TIME_FLOAT' => 1495291006.2971
    'REQUEST_TIME' => 1495291006
]
2017-05-20 14:36:46 [192.168.43.79][-][-][warning][yii\debug\Module::checkAccess] Access to debugger is denied due to IP address restriction. The requesting IP address is 192.168.43.79
    in /mnt/advanced/backend/views/layouts/main.php:76
    in /mnt/advanced/backend/controllers/SiteController.php:82
2017-05-20 14:36:46 [192.168.43.79][-][-][warning][yii\debug\Module::checkAccess] Access to debugger is denied due to IP address restriction. The requesting IP address is 192.168.43.79
2017-05-20 14:36:46 [192.168.43.79][-][-][info][application] $_GET = [
    'r' => 'site/login'
]

$_COOKIE = [
    'advanced-frontend' => 'dikt07ti2cb3ci1j8g5aj73161'
    '_csrf-frontend' => '3f096d80fecacb4c662f5dc5d46614418bb3ad18c5c10587850ea96b1b344e1da:2:{i:0;s:14:\"_csrf-frontend\";i:1;s:32:\"jtz6APmwrhyJXQIAmgq_l7RH-w70w-1I\";}'
    'advanced-backend' => '52abl9ocqskgobhdnls2652680'
    '_csrf-backend' => '9df3f3425be57966765ec22a412b3de745c11b30cd379e0c2857143060b820ffa:2:{i:0;s:13:\"_csrf-backend\";i:1;s:32:\"cKvhos5StYxuSk608BMheWP15mqLbnAM\";}'
]

$_SESSION = [
    '__flash' => []
    '__returnUrl' => '/index.php?r=site%2Findex'
]

$_SERVER = [
    'USER' => 'apache'
    'HOME' => '/usr/share/httpd'
    'HTTP_COOKIE' => 'advanced-frontend=dikt07ti2cb3ci1j8g5aj73161; _csrf-frontend=3f096d80fecacb4c662f5dc5d46614418bb3ad18c5c10587850ea96b1b344e1da%3A2%3A%7Bi%3A0%3Bs%3A14%3A%22_csrf-frontend%22%3Bi%3A1%3Bs%3A32%3A%22jtz6APmwrhyJXQIAmgq_l7RH-w70w-1I%22%3B%7D; advanced-backend=52abl9ocqskgobhdnls2652680; _csrf-backend=9df3f3425be57966765ec22a412b3de745c11b30cd379e0c2857143060b820ffa%3A2%3A%7Bi%3A0%3Bs%3A13%3A%22_csrf-backend%22%3Bi%3A1%3Bs%3A32%3A%22cKvhos5StYxuSk608BMheWP15mqLbnAM%22%3B%7D'
    'HTTP_ACCEPT_LANGUAGE' => 'zh-CN,zh;q=0.8'
    'HTTP_ACCEPT_ENCODING' => 'gzip, deflate, sdch'
    'HTTP_REFERER' => 'http://192.168.43.82:7902/index.php?r=site%2Flogin'
    'HTTP_ACCEPT' => 'text/html,application/xhtml+xml,application/xml;q=0.9,image/webp,*/*;q=0.8'
    'HTTP_USER_AGENT' => 'Mozilla/5.0 (Windows NT 10.0; Win64; x64) AppleWebKit/537.36 (KHTML, like Gecko) Chrome/57.0.2987.133 Safari/537.36'
    'HTTP_UPGRADE_INSECURE_REQUESTS' => '1'
    'HTTP_CONNECTION' => 'keep-alive'
    'HTTP_HOST' => '192.168.43.82:7902'
    'PATH_INFO' => ''
    'REDIRECT_STATUS' => '200'
    'SERVER_NAME' => 'localhost'
    'SERVER_PORT' => '7902'
    'SERVER_ADDR' => '192.168.43.82'
    'REMOTE_PORT' => '55052'
    'REMOTE_ADDR' => '192.168.43.79'
    'SERVER_SOFTWARE' => 'nginx/1.12.0'
    'GATEWAY_INTERFACE' => 'CGI/1.1'
    'REQUEST_SCHEME' => 'http'
    'SERVER_PROTOCOL' => 'HTTP/1.1'
    'DOCUMENT_ROOT' => '/mnt/advanced/backend/web'
    'DOCUMENT_URI' => '/index.php'
    'REQUEST_URI' => '/index.php?r=site%2Flogin'
    'SCRIPT_NAME' => '/index.php'
    'CONTENT_LENGTH' => ''
    'CONTENT_TYPE' => ''
    'REQUEST_METHOD' => 'GET'
    'QUERY_STRING' => 'r=site%2Flogin'
    'SCRIPT_FILENAME' => '/mnt/advanced/backend/web/index.php'
    'FCGI_ROLE' => 'RESPONDER'
    'PHP_SELF' => '/index.php'
    'REQUEST_TIME_FLOAT' => 1495291006.3097
    'REQUEST_TIME' => 1495291006
]
